<?xml version="1.0" encoding="UTF-8"?>
<!-- Generated by org.testng.reporters.JUnitXMLReporter -->
<testsuite hostname="ISDEVQA2" name="Default test" tests="13" failures="1" timestamp="12 Jul 2013 18:12:00 GMT" time="40.679" errors="0">
  <testcase name="initialization" time="3.403" classname="kwi.zakir.HO.AZ_HomeOwner"/>
  <testcase name="StartQuote_WithAgency" time="1.388" classname="kwi.zakir.HO.AZ_HomeOwner"/>
  <testcase name="General_PrimaryResidence_Information" time="2.509" classname="kwi.zakir.HO.AZ_HomeOwner"/>
  <testcase name="Insured_Information" time="3.018" classname="kwi.zakir.HO.AZ_HomeOwner"/>
  <testcase name="property_Information" time="5.351" classname="kwi.zakir.HO.AZ_HomeOwner"/>
  <testcase name="Coverage_Information" time="4.153" classname="kwi.zakir.HO.AZ_HomeOwner"/>
  <testcase name="CoverageAndRates" time="0.503" classname="kwi.zakir.HO.AZ_HomeOwner"/>
  <testcase name="Additional_Eligibility_Questions" time="2.892" classname="kwi.zakir.HO.AZ_HomeOwner"/>
  <testcase name="Revalidation_Insured_Information" time="2.571" classname="kwi.zakir.HO.AZ_HomeOwner"/>
  <testcase name="Add_Mortgage" time="0.653" classname="kwi.zakir.HO.AZ_HomeOwner"/>
  <testcase name="AdditionalInsured" time="0.215" classname="kwi.zakir.HO.AZ_HomeOwner"/>
  <testcase name="QuoteSummary" time="0.678" classname="kwi.zakir.HO.AZ_HomeOwner"/>
  <testcase name="IssuePolicy" time="10.148" classname="kwi.zakir.HO.AZ_HomeOwner">
    <failure type="org.openqa.selenium.NoSuchElementException" message="Unable to find element with id == policy_number (WARNING: The server did not provide any stacktrace information)
Command duration or timeout: 10.14 seconds
For documentation on this error, please visit: http://seleniumhq.org/exceptions/no_such_element.html
Build info: version: &amp;apos;2.32.0&amp;apos;, revision: &amp;apos;6c40c18&amp;apos;, time: &amp;apos;2013-04-09 17:22:56&amp;apos;
System info: os.name: &amp;apos;Windows 7&amp;apos;, os.arch: &amp;apos;amd64&amp;apos;, os.version: &amp;apos;6.1&amp;apos;, java.version: &amp;apos;1.7.0_21&amp;apos;
Session ID: d4e99611-85bf-437d-96ce-fa030e688bc2
Driver info: org.openqa.selenium.ie.InternetExplorerDriver
Capabilities [{platform=WINDOWS, elementScrollBehavior=0, javascriptEnabled=true, enablePersistentHover=true, ignoreZoomSetting=false, browserName=internet explorer, enableElementCacheCleanup=true, unexpectedAlertBehaviour=dismiss, version=8, cssSelectorsEnabled=true, ignoreProtectedModeSettings=false, allowAsynchronousJavaScript=true, requireWindowFocus=false, handlesAlerts=true, initialBrowserUrl=, nativeEvents=true, takesScreenshot=true}]">
      <![CDATA[org.openqa.selenium.NoSuchElementException: Unable to find element with id == policy_number (WARNING: The server did not provide any stacktrace information)
Command duration or timeout: 10.14 seconds
For documentation on this error, please visit: http://seleniumhq.org/exceptions/no_such_element.html
Build info: version: '2.32.0', revision: '6c40c18', time: '2013-04-09 17:22:56'
System info: os.name: 'Windows 7', os.arch: 'amd64', os.version: '6.1', java.version: '1.7.0_21'
Session ID: d4e99611-85bf-437d-96ce-fa030e688bc2
Driver info: org.openqa.selenium.ie.InternetExplorerDriver
Capabilities [{platform=WINDOWS, elementScrollBehavior=0, javascriptEnabled=true, enablePersistentHover=true, ignoreZoomSetting=false, browserName=internet explorer, enableElementCacheCleanup=true, unexpectedAlertBehaviour=dismiss, version=8, cssSelectorsEnabled=true, ignoreProtectedModeSettings=false, allowAsynchronousJavaScript=true, requireWindowFocus=false, handlesAlerts=true, initialBrowserUrl=, nativeEvents=true, takesScreenshot=true}]
	at sun.reflect.NativeConstructorAccessorImpl.newInstance0(Native Method)
	at sun.reflect.NativeConstructorAccessorImpl.newInstance(Unknown Source)
	at sun.reflect.DelegatingConstructorAccessorImpl.newInstance(Unknown Source)
	at java.lang.reflect.Constructor.newInstance(Unknown Source)
	at org.openqa.selenium.remote.ErrorHandler.createThrowable(ErrorHandler.java:187)
	at org.openqa.selenium.remote.ErrorHandler.throwIfResponseFailed(ErrorHandler.java:145)
	at org.openqa.selenium.remote.RemoteWebDriver.execute(RemoteWebDriver.java:554)
	at org.openqa.selenium.remote.RemoteWebDriver.findElement(RemoteWebDriver.java:307)
	at org.openqa.selenium.remote.RemoteWebDriver.findElementById(RemoteWebDriver.java:348)
	at org.openqa.selenium.By$ById.findElement(By.java:216)
	at org.openqa.selenium.remote.RemoteWebDriver.findElement(RemoteWebDriver.java:299)
	at kwi.zakir.Common.AllStates_HO.iss_pol(AllStates_HO.java:16)
	at kwi.zakir.HO.AZ_HomeOwner.IssuePolicy(AZ_HomeOwner.java:147)
	at sun.reflect.NativeMethodAccessorImpl.invoke0(Native Method)
	at sun.reflect.NativeMethodAccessorImpl.invoke(Unknown Source)
	at sun.reflect.DelegatingMethodAccessorImpl.invoke(Unknown Source)
	at java.lang.reflect.Method.invoke(Unknown Source)
	at org.testng.internal.MethodInvocationHelper.invokeMethod(MethodInvocationHelper.java:84)
	at org.testng.internal.Invoker.invokeMethod(Invoker.java:714)
	at org.testng.internal.Invoker.invokeTestMethod(Invoker.java:901)
	at org.testng.internal.Invoker.invokeTestMethods(Invoker.java:1231)
	at org.testng.internal.TestMethodWorker.invokeTestMethods(TestMethodWorker.java:127)
	at org.testng.internal.TestMethodWorker.run(TestMethodWorker.java:111)
	at org.testng.TestRunner.privateRun(TestRunner.java:767)
	at org.testng.TestRunner.run(TestRunner.java:617)
	at org.testng.SuiteRunner.runTest(SuiteRunner.java:335)
	at org.testng.SuiteRunner.runSequentially(SuiteRunner.java:330)
	at org.testng.SuiteRunner.privateRun(SuiteRunner.java:291)
	at org.testng.SuiteRunner.run(SuiteRunner.java:240)
	at org.testng.SuiteRunnerWorker.runSuite(SuiteRunnerWorker.java:52)
	at org.testng.SuiteRunnerWorker.run(SuiteRunnerWorker.java:86)
	at org.testng.TestNG.runSuitesSequentially(TestNG.java:1224)
	at org.testng.TestNG.runSuitesLocally(TestNG.java:1149)
	at org.testng.TestNG.run(TestNG.java:1057)
	at org.testng.remote.RemoteTestNG.run(RemoteTestNG.java:111)
	at org.testng.remote.RemoteTestNG.initAndRun(RemoteTestNG.java:204)
	at org.testng.remote.RemoteTestNG.main(RemoteTestNG.java:175)
]]>
    </failure>
  </testcase> <!-- IssuePolicy -->
</testsuite> <!-- Default test -->
