<?xml version="1.0" encoding="UTF-8"?>
<!-- Generated by org.testng.reporters.JUnitReportReporter -->
<testsuite hostname="ISDEVQA2" name="kwi.zakir.PUP.Iteration01" tests="14" failures="1" timestamp="7 Nov 2013 21:40:10 GMT" time="26.414" errors="0">
  <testcase name="RecreationalVehicle" time="0.318" classname="kwi.zakir.PUP.Iteration01"/>
  <testcase name="PaymentMethod" time="0.457" classname="kwi.zakir.PUP.Iteration01">
    <failure type="org.openqa.selenium.support.ui.UnexpectedTagNameException" message="Element should have been &quot;select&quot; but was &quot;input&quot;
Build info: version: &#039;2.37.0&#039;, revision: &#039;a7c61cb&#039;, time: &#039;2013-10-18 17:14:00&#039;
System info: host: &#039;ISDEVQA2&#039;, ip: &#039;172.16.94.61&#039;, os.name: &#039;Windows 7&#039;, os.arch: &#039;amd64&#039;, os.version: &#039;6.1&#039;, java.version: &#039;1.7.0_21&#039;
Driver info: driver.version: unknown">
      <![CDATA[org.openqa.selenium.support.ui.UnexpectedTagNameException: Element should have been "select" but was "input"
Build info: version: '2.37.0', revision: 'a7c61cb', time: '2013-10-18 17:14:00'
System info: host: 'ISDEVQA2', ip: '172.16.94.61', os.name: 'Windows 7', os.arch: 'amd64', os.version: '6.1', java.version: '1.7.0_21'
Driver info: driver.version: unknown
	at org.openqa.selenium.support.ui.Select.<init>(Select.java:46)
	at kwi.zakir.Common.CommonLibrary.DoSelecti(CommonLibrary.java:73)
	at Scenarios.PaymentMethods.paperCheck(PaymentMethods.java:36)
	at kwi.zakir.PUP.NewQuote.Payment_Method(NewQuote.java:76)
	at kwi.zakir.PUP.Iteration01.PaymentMethod(Iteration01.java:149)
	at sun.reflect.NativeMethodAccessorImpl.invoke0(Native Method)
	at sun.reflect.NativeMethodAccessorImpl.invoke(Unknown Source)
	at sun.reflect.DelegatingMethodAccessorImpl.invoke(Unknown Source)
	at java.lang.reflect.Method.invoke(Unknown Source)
	at org.testng.internal.MethodInvocationHelper.invokeMethod(MethodInvocationHelper.java:84)
	at org.testng.internal.Invoker.invokeMethod(Invoker.java:714)
	at org.testng.internal.Invoker.invokeTestMethod(Invoker.java:901)
	at org.testng.internal.Invoker.invokeTestMethods(Invoker.java:1231)
	at org.testng.internal.TestMethodWorker.invokeTestMethods(TestMethodWorker.java:127)
	at org.testng.internal.TestMethodWorker.run(TestMethodWorker.java:111)
	at org.testng.TestRunner.privateRun(TestRunner.java:767)
	at org.testng.TestRunner.run(TestRunner.java:617)
	at org.testng.SuiteRunner.runTest(SuiteRunner.java:335)
	at org.testng.SuiteRunner.runSequentially(SuiteRunner.java:330)
	at org.testng.SuiteRunner.privateRun(SuiteRunner.java:291)
	at org.testng.SuiteRunner.run(SuiteRunner.java:240)
	at org.testng.SuiteRunnerWorker.runSuite(SuiteRunnerWorker.java:52)
	at org.testng.SuiteRunnerWorker.run(SuiteRunnerWorker.java:86)
	at org.testng.TestNG.runSuitesSequentially(TestNG.java:1224)
	at org.testng.TestNG.runSuitesLocally(TestNG.java:1149)
	at org.testng.TestNG.run(TestNG.java:1057)
	at org.testng.remote.RemoteTestNG.run(RemoteTestNG.java:111)
	at org.testng.remote.RemoteTestNG.initAndRun(RemoteTestNG.java:204)
	at org.testng.remote.RemoteTestNG.main(RemoteTestNG.java:175)
]]>
    </failure>
  </testcase> <!-- PaymentMethod -->
  <testcase name="CustomerInformation" time="2.343" classname="kwi.zakir.PUP.Iteration01"/>
  <testcase name="Watercraft" time="0.344" classname="kwi.zakir.PUP.Iteration01"/>
  <testcase name="Login" time="5.025" classname="kwi.zakir.PUP.Iteration01"/>
  <testcase name="CNI_Auto_Policy" time="1.717" classname="kwi.zakir.PUP.Iteration01"/>
  <testcase name="StartQuote_WithAgency" time="1.138" classname="kwi.zakir.PUP.Iteration01"/>
  <testcase name="Properties" time="1.959" classname="kwi.zakir.PUP.Iteration01"/>
  <testcase name="NameInsured" time="0.949" classname="kwi.zakir.PUP.Iteration01"/>
  <testcase name="InsuranceProduct" time="4.433" classname="kwi.zakir.PUP.Iteration01"/>
  <testcase name="CoveragePremium" time="3.967" classname="kwi.zakir.PUP.Iteration01"/>
  <testcase name="NonCNIVehicle" time="0.438" classname="kwi.zakir.PUP.Iteration01"/>
  <testcase name="HouseholdMember" time="1.537" classname="kwi.zakir.PUP.Iteration01"/>
  <testcase name="GeneralAcceptabilityQuestions" time="1.789" classname="kwi.zakir.PUP.Iteration01"/>
</testsuite> <!-- kwi.zakir.PUP.Iteration01 -->
